<?xml version="1.0" encoding="UTF-8"?>
<testsuite xmlns:xsi="http://www.w3.org/2001/XMLSchema-instance" xsi:noNamespaceSchemaLocation="https://maven.apache.org/surefire/maven-surefire-plugin/xsd/surefire-test-report.xsd" name="uk.ac.ed.inf.OrderValidatorTests" time="0.082" tests="20" errors="0" skipped="0" failures="0">
  <properties>
[...]
</properties>
  <testcase name="validExpiry_CloseToInvalid" classname="uk.ac.ed.inf.OrderValidatorTests" time="0.007"/>
  <testcase name="invalidCVV_Length" classname="uk.ac.ed.inf.OrderValidatorTests" time="0.001"/>
  <testcase name="invalidNumberOfPizzas" classname="uk.ac.ed.inf.OrderValidatorTests" time="0.001"/>
  <testcase name="pizzaDoesntExist" classname="uk.ac.ed.inf.OrderValidatorTests" time="0"/>
  <testcase name="validOrder" classname="uk.ac.ed.inf.OrderValidatorTests" time="0.001"/>
  <testcase name="restaurantOpen" classname="uk.ac.ed.inf.OrderValidatorTests" time="0"/>
  <testcase name="pizzaExist" classname="uk.ac.ed.inf.OrderValidatorTests" time="0.001"/>
  <testcase name="invalidExpiry_Characters" classname="uk.ac.ed.inf.OrderValidatorTests" time="0"/>
  <testcase name="pizzaDoesntExist_null" classname="uk.ac.ed.inf.OrderValidatorTests" time="0.002"/>
  <testcase name="totalNotAddedCorrectly" classname="uk.ac.ed.inf.OrderValidatorTests" time="0.001"/>
  <testcase name="totalAddedCorrectly" classname="uk.ac.ed.inf.OrderValidatorTests" time="0"/>
  <testcase name="invalidExpiry_Expired" classname="uk.ac.ed.inf.OrderValidatorTests" time="0.001"/>
  <testcase name="invalidExpiry_Format" classname="uk.ac.ed.inf.OrderValidatorTests" time="0"/>
  <testcase name="invalidCardNum_Length" classname="uk.ac.ed.inf.OrderValidatorTests" time="0.001"/>
  <testcase name="invalidExpiry_CloseToValid" classname="uk.ac.ed.inf.OrderValidatorTests" time="0"/>
  <testcase name="pizzasFromSameRestaraunt" classname="uk.ac.ed.inf.OrderValidatorTests" time="0"/>
  <testcase name="restaurantClosed" classname="uk.ac.ed.inf.OrderValidatorTests" time="0.002"/>
  <testcase name="notFromSameRestaurant" classname="uk.ac.ed.inf.OrderValidatorTests" time="0"/>
  <testcase name="invalidCVV_Characters" classname="uk.ac.ed.inf.OrderValidatorTests" time="0.001"/>
  <testcase name="InvalidCardNum_Characters" classname="uk.ac.ed.inf.OrderValidatorTests" time="0.001"/>
</testsuite>